hp-check[3793]: info: :
hp-check[3793]: info: :[01mHP Linux Imaging and Printing System (ver. 3.16.11)[0m
hp-check[3793]: info: :[01mDependency/Version Check Utility ver. 15.1[0m
hp-check[3793]: info: :
hp-check[3793]: info: :Copyright (c) 2001-15 HP Development Company, LP
hp-check[3793]: info: :This software comes with ABSOLUTELY NO WARRANTY.
hp-check[3793]: info: :This is free software, and you are welcome to distribute it
hp-check[3793]: info: :under certain conditions. See COPYING file for more details.
hp-check[3793]: info: :
hp-check[3793]: info: :[01mNote: hp-check can be run in three modes:[0m
hp-check[3793]: info: :1. Compile-time check mode (-c or --compile): Use this mode before compiling the
hp-check[3793]: info: :HPLIP supplied tarball (.tar.gz or .run) to determine if the proper dependencies
hp-check[3793]: info: :are installed to successfully compile HPLIP.                                    
hp-check[3793]: info: :2. Run-time check mode (-r or --run): Use this mode to determine if a distro    
hp-check[3793]: info: :supplied package (.deb, .rpm, etc) or an already built HPLIP supplied tarball   
hp-check[3793]: info: :has the proper dependencies installed to successfully run.                      
hp-check[3793]: info: :3. Both compile- and run-time check mode (-b or --both) (Default): This mode    
hp-check[3793]: info: :will check both of the above cases (both compile- and run-time dependencies).   
hp-check[3793]: info: :
hp-check[3793]: info: :Check types:                                                                    
hp-check[3793]: info: :a. EXTERNALDEP - External Dependencies                                          
hp-check[3793]: info: :b. GENERALDEP - General Dependencies (required both at compile and run time)    
hp-check[3793]: info: :c. COMPILEDEP - Compile time Dependencies                                       
hp-check[3793]: info: :d. [All are run-time checks]                                                    
hp-check[3793]: info: :PYEXT SCANCONF QUEUES PERMISSION                                                
hp-check[3793]: info: :
hp-check[3793]: info: :Status Types:
hp-check[3793]: info: :    OK
hp-check[3793]: info: :    MISSING       - Missing Dependency or Permission or Plug-in
hp-check[3793]: info: :    INCOMPAT      - Incompatible dependency-version or Plugin-version
hp-check[3793]: info: :
hp-check[3793]: info: :
hp-check[3793]: info: :---------------
hp-check[3793]: info: :| SYSTEM INFO |
hp-check[3793]: info: :---------------
hp-check[3793]: info: :
hp-check[3793]: info: : Kernel: 4.10.13-200.fc25.x86_64 #1 SMP Thu Apr 27 20:39:25 UTC 2017 GNU/Linux
 Host: localhost.localdomain
 Proc: 4.10.13-200.fc25.x86_64 #1 SMP Thu Apr 27 20:39:25 UTC 2017 GNU/Linux
 Distribution: 5 25
hp-check[3793]: info: : Bitness: 64 bit

hp-check[3793]: info: :
hp-check[3793]: info: :-----------------------
hp-check[3793]: info: :| HPLIP CONFIGURATION |
hp-check[3793]: info: :-----------------------
hp-check[3793]: info: :
hp-check[3793]: info: :HPLIP-Version: HPLIP 3.16.11
hp-check[3793]: info: :HPLIP-Home: /usr/share/hplip
hp-check[3793]: info: :HPLIP-Installation: Auto installation is supported for fedora distro  25 version 
hp-check[3793]: info: :
hp-check[3793]: info: :[01mCurrent contents of '/etc/hp/hplip.conf' file:[0m
hp-check[3793]: info: :# hplip.conf.  Generated from hplip.conf.in by configure.

[hplip]
version=3.16.11

[dirs]
home=/usr/share/hplip
run=/var/run
ppd=/usr/share/ppd/HP
ppdbase=/usr/share/ppd
doc=/usr/share/doc/hplip-3.16.11
html=/usr/share/doc/hplip-3.16.11
icon=/usr/share/applications
cupsbackend=/usr/lib/cups/backend
cupsfilter=/usr/lib/cups/filter
drv=/usr/share/cups/drv/hp
bin=/usr/bin
apparmor=/etc/apparmor.d
# Following values are determined at configure time and cannot be changed.
[configure]
network-build=yes
libusb01-build=no
pp-build=no
gui-build=yes
scanner-build=yes
fax-build=yes
dbus-build=yes
cups11-build=no
doc-build=yes
shadow-build=no
hpijs-install=no
foomatic-drv-install=no
foomatic-ppd-install=no
foomatic-rip-hplip-install=no
hpcups-install=yes
cups-drv-install=no
cups-ppd-install=yes
internal-tag=3.16.11
restricted-build=no
ui-toolkit=no
qt3=no
qt4=no
qt5=no
policy-kit=no
lite-build=no
udev_sysfs_rules=no
hpcups-only-build=no
hpijs-only-build=no
apparmor_build=no

hp-check[3793]: info: :
hp-check[3793]: info: :[01mCurrent contents of '/var/lib/hp/hplip.state' file:[0m
hp-check[3793]: info: :Plugins are not installed. Could not access file: No such file or directory
hp-check[3793]: info: :
hp-check[3793]: info: :[01mCurrent contents of '~/.hplip/hplip.conf' file:[0m
hp-check[3793]: info: :[upgrade]
notify_upgrade = false
last_upgraded_time = 1476912695
pending_upgrade_time = 1481477548
latest_available_version = 3.16.11

[settings]
systray_visible = 0
systray_messages = 0

[last_used]
device_uri = hp:/net/HP_LaserJet_P3005?ip=192.168.1.101
printer_name = HP_LaserJet_P3005
working_dir = .

[commands]
scan = /usr/bin/xsane -V %SANE_URI%

[refresh]
rate = 30
enable = true
type = 1

[polling]
enable = false
interval = 5
device_list = 

[fax]
voice_phone = 
email_address = 

[installation]
date_time = 05/29/2017 19:33:34
version = 3.16.11


hp-check[3793]: info: : <Package-name>        <Package-Desc>      <Required/Optional> <Min-Version> <Installed-Version> <Status>   <Comment>
hp-check[3793]: info: :
hp-check[3793]: info: :--------------
hp-check[3793]: info: :| COMPILEDEP |
hp-check[3793]: info: :--------------
hp-check[3793]: info: :
hp-check[3793]: info: : gcc                  gcc - GNU Project C and C++ Compiler                         REQUIRED        -               6.3.1           OK         -
hp-check[3793]: info: : make                 make - GNU make utility to maintain groups of programs       REQUIRED        3.0             4.1             OK         -
hp-check[3793]: info: : libtool              libtool - Library building support services                  REQUIRED        -               2.4.6           OK         -
hp-check[3793]: info: :
hp-check[3793]: info: :------------------------
hp-check[3793]: info: :| General Dependencies |
hp-check[3793]: info: :------------------------
hp-check[3793]: info: :
hp-check[3793]: info: : libcrypto            libcrypto - OpenSSL cryptographic library                    REQUIRED        -               1.0.2           OK         -
hp-check[3793]: info: : python-xml           Python XML libraries                                         REQUIRED        -               2.2.0           OK         -
hp-check[3793]: info: : libnetsnmp-devel     libnetsnmp-devel - SNMP networking library development files REQUIRED        5.0.9           5.7.3           OK         -
hp-check[3793]: info: : sane-devel           SANE - Scanning library development files                    REQUIRED        -               1.0.25          OK         -
hp-check[3793]: info: : pil                  PIL - Python Imaging Library (required for commandline scanning with hp-scan) OPTIONAL        -               1.1.7           OK         -
hp-check[3793]: info: : pyqt4-dbus           PyQt 4 DBus - DBus Support for PyQt4                         REQUIRED        4.0             4.11.4          OK         -
hp-check[3793]: info: : libpthread           libpthread - POSIX threads library                           REQUIRED        -               2.24            OK         -
hp-check[3793]: info: : python-devel         Python devel - Python development files                      REQUIRED        2.2             2.7.13          OK         -
hp-check[3793]: info: : cups-devel           CUPS devel- Common Unix Printing System development files    REQUIRED        -               2.2.0           OK         -
hp-check[3793]: info: : python-dbus          Python DBus - Python bindings for DBus                       REQUIRED        0.80.0          1.2.4           OK         -
hp-check[3793]: info: : cups-ddk             CUPS DDK - CUPS driver development kit                       OPTIONAL        -               -               OK         -
hp-check[3793]: info: : reportlab            Reportlab - PDF library for Python                           OPTIONAL        2.0             3.3.0           OK         -
hp-check[3793]: info: : pyqt4                PyQt 4- Qt interface for Python (for Qt version 4.x)         REQUIRED        4.0             4.11.4          OK         -
hp-check[3793]: info: : libusb               libusb - USB library                                         REQUIRED        -               1.0             OK         -
hp-check[3793]: info: : cups-image           CUPS image - CUPS image development files                    REQUIRED        -               2.2.0           OK         -
hp-check[3793]: info: : python2X             Python 2.2 or greater - Python programming language          REQUIRED        2.2             2.7.13          OK         -
hp-check[3793]: info: : python-notify        Python libnotify - Python bindings for the libnotify Desktop notifications OPTIONAL        -               -               OK         -
hp-check[3793]: info: : libjpeg              libjpeg - JPEG library                                       REQUIRED        -               -               OK         -
hp-check[3793]: info: : sane                 SANE - Scanning library                                      REQUIRED        -               1.0.25          OK         -
hp-check[3793]: info: :
hp-check[3793]: info: :----------------------
hp-check[3793]: info: :| Scan Configuration |
hp-check[3793]: info: :----------------------
hp-check[3793]: info: :
hp-check[3793]: info: : scanext              Scan-SANE-Extension                                          REQUIRED        -               3.16.11         OK         -
hp-check[3793]: info: : hpaio                HPLIP-SANE-Backend                                           REQUIRED        -               3.16.11         OK         'hpaio found in /etc/sane.d/dll.conf'
hp-check[3793]: info: :
hp-check[3793]: info: :-------------------------
hp-check[3793]: info: :| External Dependencies |
hp-check[3793]: info: :-------------------------
hp-check[3793]: info: :
hp-check[3793]: info: : gs                   GhostScript - PostScript and PDF language interpreter and previewer REQUIRED        7.05            9.20            OK         -
hp-check[3793]: info: : cups                 CUPS - Common Unix Printing System                           REQUIRED        1.1             2.2.0           OK         'CUPS Scheduler is running'
hp-check[3793]: info: : network              network -wget                                                OPTIONAL        -               1.18            OK         -
hp-check[3793]: info: : scanimage            scanimage - Shell scanning program                           OPTIONAL        1.0             1.0.25          OK         -
hp-check[3793]: info: : policykit            PolicyKit - Administrative policy framework                  OPTIONAL        -               0.113           OK         -
hp-check[3793]: info: : xsane                xsane - Graphical scanner frontend for SANE                  OPTIONAL        0.9             0.999           OK         -
hp-check[3793]: info: : dbus                 DBus - Message bus system                                    REQUIRED        -               1.11.12         OK         -
hp-check[3793]: info: : avahi-utils          avahi-utils                                                  OPTIONAL        -               0.6.32          OK         -
hp-check[3793]: info: :
hp-check[3793]: info: :---------------------
hp-check[3793]: info: :| Python Extentions |
hp-check[3793]: info: :---------------------
hp-check[3793]: info: :
hp-check[3793]: info: : hpmudext             IO-Extension                                                 REQUIRED        -               3.16.11         OK         -
hp-check[3793]: info: : cupsext              CUPS-Extension                                               REQUIRED        -               3.16.11         OK         -
hp-check[3793]: info: :
hp-check[3793]: info: :------------------------------
hp-check[3793]: info: :| DISCOVERED SCANNER DEVICES |
hp-check[3793]: info: :------------------------------
hp-check[3793]: info: :
hp-check[3793]: info: :device `v4l:/dev/video0' is a Noname Laptop_Integrated_Webcam_HD virtual device

hp-check[3793]: info: :
hp-check[3793]: info: :--------------------------
hp-check[3793]: info: :| DISCOVERED USB DEVICES |
hp-check[3793]: info: :--------------------------
hp-check[3793]: info: :
hp-check[3793]: info: :No devices found.
hp-check[3793]: info: :
hp-check[3793]: info: :---------------------------------
hp-check[3793]: info: :| INSTALLED CUPS PRINTER QUEUES |
hp-check[3793]: info: :---------------------------------
hp-check[3793]: info: :
hp-check[3793]: info: :
hp-check[3793]: info: :[01mHP-LaserJet-P3005[0m
hp-check[3793]: info: :[01m-----------------[0m
hp-check[3793]: info: :Type: Unknown
hp-check[3793]: info: :Device URI: socket://192.168.1.101
hp-check[3793]: info: :PPD: /etc/cups/ppd/HP-LaserJet-P3005.ppd
hp-check[3793]: info: :PPD Description: HP LaserJet P3005 Postscript (recommended)
hp-check[3793]: info: :Printer status: printer HP-LaserJet-P3005 now printing HP-LaserJet-P3005-170.  enabled since Mon 29 May 2017 07:24:51 PM CEST	The printer is not responding.
warning: Printer is not HPLIP installed. Printers must use the hp: or hpfax: CUPS backend for HP-Devices.
hp-check[3793]: info: :
hp-check[3793]: info: :[01mHP_LaserJet_P3005[0m
hp-check[3793]: info: :[01m-----------------[0m
hp-check[3793]: info: :Type: Printer
hp-check[3793]: info: :Device URI: hp:/net/HP_LaserJet_P3005?ip=192.168.1.101
hp-check[3793]: info: :PPD: /etc/cups/ppd/HP_LaserJet_P3005.ppd
hp-check[3793]: info: :PPD Description: HP LaserJet P3005 Postscript (recommended)
hp-check[3793]: info: :Printer status: printer HP_LaserJet_P3005 disabled since Tue 13 Dec 2016 06:09:57 PM CET -	reason unknown
error: Communication status: Failed
hp-check[3793]: info: :
hp-check[3793]: info: :
hp-check[3793]: info: :--------------
hp-check[3793]: info: :| PERMISSION |
hp-check[3793]: info: :--------------
hp-check[3793]: info: :
hp-check[3793]: info: :
hp-check[3793]: info: :-----------
hp-check[3793]: info: :| SUMMARY |
hp-check[3793]: info: :-----------
hp-check[3793]: info: :
hp-check[3793]: info: :[01mMissing Required Dependencies[0m
hp-check[3793]: info: :[01m-----------------------------[0m
hp-check[3793]: info: :None
hp-check[3793]: info: :
hp-check[3793]: info: :[01mMissing Optional Dependencies[0m
hp-check[3793]: info: :[01m-----------------------------[0m
hp-check[3793]: info: :None

hp-check[3793]: info: :
hp-check[3793]: info: :Total Errors: 1
hp-check[3793]: info: :Total Warnings: 1
hp-check[3793]: info: :
hp-check[3793]: info: :
hp-check[3793]: info: :Done.
